  Asteroid.cpp
d:\code projects\c++\opgave\cppopgave\c++opgave-andreas-k-jensen\c++opgave-andreas-k-jensen\asteroid.cpp(33): warning C4244: '=': conversion from 'double' to 'int', possible loss of data
d:\code projects\c++\opgave\cppopgave\c++opgave-andreas-k-jensen\c++opgave-andreas-k-jensen\asteroid.cpp(51): warning C4244: 'initializing': conversion from 'int' to 'float', possible loss of data
  Collider.cpp
  GameObject.cpp
  GameWorld.cpp
  Globals.cpp
  KillAble.cpp
  MovingEntity.cpp
d:\code projects\c++\opgave\cppopgave\c++opgave-andreas-k-jensen\c++opgave-andreas-k-jensen\movingentity.cpp(7): warning C4305: 'argument': truncation from 'double' to 'float'
d:\code projects\c++\opgave\cppopgave\c++opgave-andreas-k-jensen\c++opgave-andreas-k-jensen\movingentity.cpp(12): warning C4305: 'argument': truncation from 'double' to 'float'
  Player.cpp
d:\code projects\c++\opgave\cppopgave\c++opgave-andreas-k-jensen\c++opgave-andreas-k-jensen\player.cpp(139): warning C4244: 'initializing': conversion from 'double' to 'float', possible loss of data
d:\code projects\c++\opgave\cppopgave\c++opgave-andreas-k-jensen\c++opgave-andreas-k-jensen\player.cpp(151): warning C4305: 'argument': truncation from 'double' to 'GLfloat'
d:\code projects\c++\opgave\cppopgave\c++opgave-andreas-k-jensen\c++opgave-andreas-k-jensen\player.cpp(152): warning C4305: 'argument': truncation from 'double' to 'GLfloat'
d:\code projects\c++\opgave\cppopgave\c++opgave-andreas-k-jensen\c++opgave-andreas-k-jensen\player.cpp(152): warning C4244: 'argument': conversion from 'double' to 'GLfloat', possible loss of data
d:\code projects\c++\opgave\cppopgave\c++opgave-andreas-k-jensen\c++opgave-andreas-k-jensen\player.cpp(153): warning C4305: 'argument': truncation from 'double' to 'GLfloat'
d:\code projects\c++\opgave\cppopgave\c++opgave-andreas-k-jensen\c++opgave-andreas-k-jensen\player.cpp(153): warning C4244: 'argument': conversion from 'double' to 'GLfloat', possible loss of data
d:\code projects\c++\opgave\cppopgave\c++opgave-andreas-k-jensen\c++opgave-andreas-k-jensen\player.cpp(154): warning C4305: 'argument': truncation from 'double' to 'GLfloat'
  Projectile.cpp
  Spawner.cpp
  Time.cpp
  main.cpp
  Generating Code...
  soil.lib(SOIL.obj) : MSIL .netmodule or module compiled with /GL found; restarting link with /LTCG; add /LTCG to the link command line to improve linker performance
LINK : warning LNK4075: ignoring '/INCREMENTAL' due to '/LTCG' specification
LINK : warning LNK4098: defaultlib 'MSVCRT' conflicts with use of other libs; use /NODEFAULTLIB:library
  Generating code
  Finished generating code
  C++Opgave-Andreas-K-Jensen.vcxproj -> D:\Code projects\C++\Opgave\cppOpgave\C++Opgave-Andreas-K-Jensen\Debug\C++Opgave-Andreas-K-Jensen.exe
